<?xml version="1.0" encoding="UTF-8"?>
<!-- Generated by org.testng.reporters.JUnitReportReporter -->
<testsuite hostname="DESKTOP-LEJP8C6" failures="0" tests="1" name="TestCases.VerifyLogin" time="8.833" errors="0" timestamp="2023-05-05T17:34:19 IST" skipped="0">
  <testcase classname="TestCases.VerifyLogin" name="InvalidLogin" time="8.833"/>
  <system-out/>
</testsuite> <!-- TestCases.VerifyLogin -->
