<?xml version="1.0" encoding="UTF-8"?>
<!-- Generated by org.testng.reporters.JUnitReportReporter -->
<testsuite hostname="DESKTOP-LEJP8C6" failures="0" tests="1" name="TestCases.VerifySignup" time="11.985" errors="0" timestamp="2023-05-03T14:10:19 IST" skipped="0">
  <testcase classname="TestCases.VerifySignup" name="signup" time="11.985"/>
  <system-out/>
</testsuite> <!-- TestCases.VerifySignup -->
